TN:
SF:app.js
FN:30,(anonymous_0)
FN:35,(anonymous_1)
FNF:2
FNH:2
FNDA:2,(anonymous_0)
FNDA:51,(anonymous_1)
DA:5,4
DA:6,4
DA:8,4
DA:10,4
DA:11,4
DA:12,4
DA:13,4
DA:15,4
DA:17,4
DA:19,4
DA:20,4
DA:21,4
DA:22,4
DA:24,4
DA:25,4
DA:26,4
DA:30,4
DA:31,2
DA:35,4
DA:36,51
DA:37,51
DA:38,51
DA:40,51
DA:45,4
LF:24
LH:24
BRDA:36,0,0,1
BRDA:36,0,1,50
BRDA:37,1,0,51
BRDA:37,1,1,0
BRF:4
BRH:3
end_of_record
TN:
SF:config.js
FN:13,getDatabaseUri
FNF:1
FNH:1
FNDA:18,getDatabaseUri
DA:5,9
DA:6,9
DA:8,9
DA:10,9
DA:14,18
DA:22,9
DA:24,9
DA:25,9
DA:26,9
DA:27,9
DA:28,9
DA:29,9
DA:31,9
LF:13
LH:13
BRDA:8,0,0,9
BRDA:8,0,1,0
BRDA:10,1,0,9
BRDA:10,1,1,8
BRDA:14,2,0,15
BRDA:14,2,1,3
BRDA:16,3,0,3
BRDA:16,3,1,1
BRDA:22,4,0,8
BRDA:22,4,1,1
BRF:10
BRH:9
end_of_record
TN:
SF:db.js
FNF:0
FNH:0
DA:5,6
DA:6,6
DA:8,6
DA:12,6
DA:14,6
LF:5
LH:5
BRF:0
BRH:0
end_of_record
TN:
SF:expressError.js
FN:10,(anonymous_0)
FN:20,(anonymous_1)
FN:28,(anonymous_2)
FN:36,(anonymous_3)
FN:44,(anonymous_4)
FNF:5
FNH:4
FNDA:67,(anonymous_0)
FNDA:14,(anonymous_1)
FNDA:33,(anonymous_2)
FNDA:20,(anonymous_3)
FNDA:0,(anonymous_4)
DA:11,67
DA:12,67
DA:13,67
DA:21,14
DA:29,33
DA:37,20
DA:45,0
DA:49,8
LF:8
LH:7
BRDA:20,0,0,2
BRDA:28,1,0,29
BRDA:36,2,0,0
BRDA:44,3,0,0
BRF:4
BRH:2
end_of_record
TN:
SF:helpers/sql.js
FN:25,sqlForPartialUpdate
FN:31,(anonymous_1)
FN:62,sqlWhereClause
FN:74,(anonymous_3)
FNF:4
FNH:4
FNDA:17,sqlForPartialUpdate
FNDA:28,(anonymous_1)
FNDA:11,sqlWhereClause
FNDA:15,(anonymous_3)
DA:3,7
DA:26,17
DA:27,17
DA:30,14
DA:31,28
DA:34,14
DA:63,11
DA:64,11
DA:65,4
DA:69,7
DA:70,4
DA:74,15
DA:76,7
DA:82,7
LF:14
LH:14
BRDA:27,0,0,3
BRDA:27,0,1,14
BRDA:31,1,0,28
BRDA:31,1,1,14
BRDA:64,2,0,4
BRDA:64,2,1,7
BRDA:69,3,0,4
BRDA:69,3,1,3
BRF:8
BRH:8
end_of_record
TN:
SF:helpers/tokens.js
FN:8,createToken
FNF:1
FNH:1
FNDA:13,createToken
DA:3,5
DA:4,5
DA:9,13
DA:12,13
DA:17,13
DA:20,5
LF:6
LH:6
BRDA:14,0,0,13
BRDA:14,0,1,8
BRF:2
BRH:2
end_of_record
TN:
SF:middleware/auth.js
FN:17,authenticateJWT
FN:32,ensureCorrectUserOrAdmin
FN:51,ensureLoggedIn
FN:61,ensureAdmin
FNF:4
FNH:4
FNDA:76,authenticateJWT
FNDA:23,ensureCorrectUserOrAdmin
FNDA:3,ensureLoggedIn
FNDA:29,ensureAdmin
DA:5,5
DA:6,5
DA:7,5
DA:18,76
DA:19,76
DA:20,48
DA:22,48
DA:23,48
DA:28,76
DA:33,23
DA:34,23
DA:37,23
DA:38,8
DA:39,15
DA:40,12
DA:43,3
DA:52,3
DA:53,2
DA:62,29
DA:63,15
DA:66,5
LF:21
LH:21
BRDA:19,0,0,48
BRDA:19,0,1,28
BRDA:37,1,0,8
BRDA:37,1,1,15
BRDA:39,2,0,12
BRDA:39,2,1,3
BRDA:39,3,0,15
BRDA:39,3,1,11
BRDA:52,4,0,1
BRDA:52,4,1,2
BRDA:62,5,0,14
BRDA:62,5,1,15
BRF:12
BRH:12
end_of_record
TN:
SF:models/_testCommon.js
FN:8,commonBeforeAll
FN:34,commonBeforeEach
FN:38,commonAfterEach
FN:42,commonAfterAll
FNF:4
FNH:4
FNDA:2,commonBeforeAll
FNDA:30,commonBeforeEach
FNDA:30,commonAfterEach
FNDA:2,commonAfterAll
DA:3,2
DA:5,2
DA:6,2
DA:10,2
DA:12,2
DA:14,2
DA:20,2
DA:35,30
DA:39,30
DA:43,2
DA:47,2
LF:11
LH:11
BRF:0
BRH:0
end_of_record
TN:
SF:models/company.js
FN:19,(anonymous_0)
FN:65,(anonymous_1)
FN:103,(anonymous_2)
FN:135,(anonymous_3)
FN:165,(anonymous_4)
FNF:5
FNH:5
FNDA:13,(anonymous_0)
FNDA:9,(anonymous_1)
FNDA:6,(anonymous_2)
FNDA:6,(anonymous_3)
FNDA:4,(anonymous_4)
DA:3,5
DA:4,5
DA:5,5
DA:20,13
DA:28,13
DA:29,1
DA:31,12
DA:47,12
DA:49,12
DA:67,9
DA:68,1
DA:73,8
DA:79,8
DA:92,8
DA:104,6
DA:116,6
DA:118,6
DA:120,4
DA:136,6
DA:140,5
DA:142,5
DA:152,5
DA:153,5
DA:155,5
DA:157,3
DA:166,4
DA:174,4
DA:176,4
DA:180,5
LF:29
LH:29
BRDA:28,0,0,1
BRDA:28,0,1,12
BRDA:65,1,0,1
BRDA:67,2,0,1
BRDA:67,2,1,8
BRDA:118,3,0,2
BRDA:118,3,1,4
BRDA:155,4,0,2
BRDA:155,4,1,3
BRDA:176,5,0,2
BRDA:176,5,1,2
BRF:11
BRH:11
end_of_record
TN:
SF:models/user.js
FN:24,(anonymous_0)
FN:58,(anonymous_1)
FN:106,(anonymous_2)
FN:128,(anonymous_3)
FN:163,(anonymous_4)
FN:197,(anonymous_5)
FNF:6
FNH:6
FNDA:8,(anonymous_0)
FNDA:16,(anonymous_1)
FNDA:2,(anonymous_2)
FNDA:4,(anonymous_3)
FNDA:9,(anonymous_4)
FNDA:5,(anonymous_5)
DA:3,5
DA:4,5
DA:5,5
DA:10,5
DA:12,5
DA:26,8
DA:37,8
DA:39,8
DA:41,5
DA:42,5
DA:43,4
DA:44,4
DA:48,4
DA:60,16
DA:66,16
DA:67,1
DA:70,15
DA:72,15
DA:96,15
DA:98,15
DA:107,2
DA:117,2
DA:129,4
DA:139,4
DA:141,4
DA:143,2
DA:164,9
DA:165,3
DA:168,9
DA:175,8
DA:177,8
DA:186,8
DA:187,8
DA:189,8
DA:191,6
DA:192,6
DA:198,5
DA:204,5
DA:206,5
DA:211,5
LF:40
LH:40
BRDA:39,0,0,5
BRDA:39,0,1,3
BRDA:42,1,0,4
BRDA:42,1,1,1
BRDA:66,2,0,1
BRDA:66,2,1,15
BRDA:141,3,0,2
BRDA:141,3,1,2
BRDA:164,4,0,3
BRDA:164,4,1,6
BRDA:189,5,0,2
BRDA:189,5,1,6
BRDA:206,6,0,2
BRDA:206,6,1,3
BRF:14
BRH:14
end_of_record
TN:
SF:routes/_testCommon.js
FN:8,commonBeforeAll
FN:62,commonBeforeEach
FN:66,commonAfterEach
FN:70,commonAfterAll
FNF:4
FNH:4
FNDA:3,commonBeforeAll
FNDA:71,commonBeforeEach
FNDA:71,commonAfterEach
FNDA:3,commonAfterAll
DA:3,3
DA:4,3
DA:5,3
DA:6,3
DA:10,3
DA:12,3
DA:14,3
DA:21,3
DA:28,3
DA:36,3
DA:44,3
DA:52,3
DA:63,71
DA:67,71
DA:71,3
DA:74,3
DA:75,3
DA:77,3
LF:18
LH:18
BRF:0
BRH:0
end_of_record
TN:
SF:routes/auth.js
FN:22,(anonymous_0)
FN:27,(anonymous_1)
FN:46,(anonymous_2)
FN:51,(anonymous_3)
FNF:4
FNH:4
FNDA:5,(anonymous_0)
FNDA:2,(anonymous_1)
FNDA:3,(anonymous_2)
FNDA:5,(anonymous_3)
DA:5,4
DA:7,4
DA:8,4
DA:9,4
DA:10,4
DA:11,4
DA:12,4
DA:13,4
DA:22,4
DA:23,5
DA:26,5
DA:27,2
DA:28,2
DA:31,3
DA:32,3
DA:33,1
DA:34,1
DA:46,4
DA:47,3
DA:50,3
DA:51,5
DA:52,2
DA:55,1
DA:56,1
DA:57,1
DA:60,4
LF:26
LH:26
BRDA:26,0,0,2
BRDA:26,0,1,3
BRDA:50,1,0,2
BRDA:50,1,1,1
BRF:4
BRH:4
end_of_record
TN:
SF:routes/companies.js
FN:30,(anonymous_0)
FN:35,(anonymous_1)
FN:54,(anonymous_2)
FN:71,(anonymous_3)
FN:87,(anonymous_4)
FN:103,(anonymous_5)
FN:108,(anonymous_6)
FN:121,(anonymous_7)
FNF:8
FNH:8
FNDA:3,(anonymous_0)
FNDA:3,(anonymous_1)
FNDA:7,(anonymous_2)
FNDA:4,(anonymous_3)
FNDA:4,(anonymous_4)
FNDA:4,(anonymous_5)
FNDA:2,(anonymous_6)
FNDA:2,(anonymous_7)
DA:5,4
DA:6,4
DA:8,4
DA:9,4
DA:10,4
DA:12,4
DA:13,4
DA:14,4
DA:15,4
DA:17,4
DA:30,4
DA:31,3
DA:34,3
DA:35,3
DA:36,2
DA:39,1
DA:40,1
DA:54,4
DA:55,7
DA:58,7
DA:59,4
DA:61,7
DA:62,3
DA:66,7
DA:70,7
DA:71,4
DA:72,3
DA:75,4
DA:76,4
DA:87,4
DA:88,4
DA:89,3
DA:103,4
DA:104,4
DA:107,4
DA:108,2
DA:109,2
DA:112,2
DA:113,1
DA:121,4
DA:122,2
DA:123,1
DA:126,4
LF:43
LH:43
BRDA:34,0,0,2
BRDA:34,0,1,1
BRDA:58,1,0,4
BRDA:58,1,1,3
BRDA:61,2,0,3
BRDA:61,2,1,4
BRDA:70,3,0,3
BRDA:70,3,1,4
BRDA:107,4,0,2
BRDA:107,4,1,2
BRF:10
BRH:10
end_of_record
TN:
SF:routes/users.js
FN:33,(anonymous_0)
FN:38,(anonymous_1)
FN:54,(anonymous_2)
FN:69,(anonymous_3)
FN:88,(anonymous_4)
FN:93,(anonymous_5)
FN:110,(anonymous_6)
FNF:7
FNH:7
FNDA:4,(anonymous_0)
FNDA:5,(anonymous_1)
FNDA:1,(anonymous_2)
FNDA:2,(anonymous_3)
FNDA:6,(anonymous_4)
FNDA:1,(anonymous_5)
FNDA:3,(anonymous_6)
DA:5,4
DA:7,4
DA:12,4
DA:13,4
DA:14,4
DA:15,4
DA:16,4
DA:17,4
DA:19,4
DA:33,4
DA:34,4
DA:37,4
DA:38,5
DA:39,2
DA:42,2
DA:43,2
DA:44,2
DA:54,4
DA:55,1
DA:56,1
DA:66,4
DA:70,2
DA:71,1
DA:85,4
DA:89,6
DA:92,6
DA:93,1
DA:94,1
DA:97,5
DA:98,4
DA:107,4
DA:111,3
DA:112,2
DA:116,4
LF:34
LH:34
BRDA:37,0,0,2
BRDA:37,0,1,2
BRDA:92,1,0,1
BRDA:92,1,1,5
BRF:4
BRH:4
end_of_record
